2022-08-07 15:54:51,435:INFO:PyCaret Supervised Module
2022-08-07 15:54:51,435:INFO:ML Usecase: classification
2022-08-07 15:54:51,436:INFO:version 2.2.2
2022-08-07 15:54:51,436:INFO:Initializing setup()
2022-08-07 15:54:51,436:INFO:setup(target=0         0.0
1         0.0
2         0.0
3         0.0
4         0.0
         ... 
247887    1.0
247888    1.0
247889    1.0
247890    1.0
247891    1.0
Name: target, Length: 247892, dtype: float64, ml_usecase=classification, available_plots={'parameter': 'Hyperparameters', 'auc': 'AUC', 'confusion_matrix': 'Confusion Matrix', 'threshold': 'Threshold', 'pr': 'Precision Recall', 'error': 'Prediction Error', 'class_report': 'Class Report', 'rfe': 'Feature Selection', 'learning': 'Learning Curve', 'manifold': 'Manifold Learning', 'calibration': 'Calibration Curve', 'vc': 'Validation Curve', 'dimension': 'Dimensions', 'feature': 'Feature Importance', 'feature_all': 'Feature Importance (All)', 'boundary': 'Decision Boundary', 'lift': 'Lift Chart', 'gain': 'Gain Chart', 'tree': 'Decision Tree'}, train_size=0.7, test_data=None, preprocess=True, imputation_type=simple, iterative_imputation_iters=5, categorical_features=None, categorical_imputation=constant, categorical_iterative_imputer=lightgbm, ordinal_features=None, high_cardinality_features=None, high_cardinality_method=frequency, numeric_features=None, numeric_imputation=mean, numeric_iterative_imputer=lightgbm, date_features=None, ignore_features=None, normalize=False, normalize_method=zscore, transformation=False, transformation_method=yeo-johnson, handle_unknown_categorical=True, unknown_categorical_method=least_frequent, pca=False, pca_method=linear, pca_components=None, ignore_low_variance=False, combine_rare_levels=False, rare_level_threshold=0.1, bin_numeric_features=None, remove_outliers=False, outliers_threshold=0.05, remove_multicollinearity=False, multicollinearity_threshold=0.9, remove_perfect_collinearity=True, create_clusters=False, cluster_iter=20, polynomial_features=False, polynomial_degree=2, trigonometry_features=False, polynomial_threshold=0.1, group_features=None, group_names=None, feature_selection=False, feature_selection_threshold=0.8, feature_selection_method=classic, feature_interaction=False, feature_ratio=False, interaction_threshold=0.01, fix_imbalance=False, fix_imbalance_method=None, transform_target=False, transform_target_method=box-cox, data_split_shuffle=True, data_split_stratify=False, fold_strategy=stratifiedkfold, fold=10, fold_shuffle=False, fold_groups=None, n_jobs=-1, use_gpu=False, custom_pipeline=None, html=True, session_id=None, log_experiment=False, experiment_name=None, log_plots=False, log_profile=False, log_data=False, silent=False, verbose=True, profile=False, profile_kwargs=None, display=None)
2022-08-07 15:54:51,440:INFO:Checking environment
2022-08-07 15:54:51,440:INFO:python_version: 3.9.7
2022-08-07 15:54:51,440:INFO:python_build: ('default', 'Sep 16 2021 16:59:28')
2022-08-07 15:54:51,440:INFO:machine: AMD64
2022-08-07 15:54:51,440:INFO:platform: Windows-10-10.0.19044-SP0
2022-08-07 15:54:51,440:INFO:Memory: svmem(total=21184159744, available=8230494208, percent=61.1, used=12953665536, free=8230494208)
2022-08-07 15:54:51,440:INFO:Physical Core: 4
2022-08-07 15:54:51,440:INFO:Logical Core: 8
2022-08-07 15:54:51,441:INFO:Checking libraries
2022-08-07 15:54:51,441:INFO:pd==1.4.3
2022-08-07 15:54:51,441:INFO:numpy==1.22.4
2022-08-07 15:54:51,441:INFO:sklearn==1.1.1
2022-08-07 15:54:51,441:INFO:xgboost==1.6.1
2022-08-07 15:54:51,441:INFO:lightgbm==3.3.2
2022-08-07 15:54:51,463:INFO:catboost==1.0.6
2022-08-07 15:55:31,307:INFO:mlflow==1.27.0
2022-08-07 15:55:31,308:INFO:Checking Exceptions
2022-08-07 15:56:15,022:INFO:PyCaret Supervised Module
2022-08-07 15:56:15,022:INFO:ML Usecase: classification
2022-08-07 15:56:15,022:INFO:version 2.2.2
2022-08-07 15:56:15,022:INFO:Initializing setup()
2022-08-07 15:56:15,022:INFO:setup(target=0         0.0
1         0.0
2         0.0
3         0.0
4         0.0
         ... 
247887    1.0
247888    1.0
247889    1.0
247890    1.0
247891    1.0
Name: target, Length: 247892, dtype: float64, ml_usecase=classification, available_plots={'parameter': 'Hyperparameters', 'auc': 'AUC', 'confusion_matrix': 'Confusion Matrix', 'threshold': 'Threshold', 'pr': 'Precision Recall', 'error': 'Prediction Error', 'class_report': 'Class Report', 'rfe': 'Feature Selection', 'learning': 'Learning Curve', 'manifold': 'Manifold Learning', 'calibration': 'Calibration Curve', 'vc': 'Validation Curve', 'dimension': 'Dimensions', 'feature': 'Feature Importance', 'feature_all': 'Feature Importance (All)', 'boundary': 'Decision Boundary', 'lift': 'Lift Chart', 'gain': 'Gain Chart', 'tree': 'Decision Tree'}, train_size=0.7, test_data=None, preprocess=True, imputation_type=simple, iterative_imputation_iters=5, categorical_features=None, categorical_imputation=constant, categorical_iterative_imputer=lightgbm, ordinal_features=None, high_cardinality_features=None, high_cardinality_method=frequency, numeric_features=None, numeric_imputation=mean, numeric_iterative_imputer=lightgbm, date_features=None, ignore_features=None, normalize=False, normalize_method=zscore, transformation=False, transformation_method=yeo-johnson, handle_unknown_categorical=True, unknown_categorical_method=least_frequent, pca=False, pca_method=linear, pca_components=None, ignore_low_variance=False, combine_rare_levels=False, rare_level_threshold=0.1, bin_numeric_features=None, remove_outliers=False, outliers_threshold=0.05, remove_multicollinearity=False, multicollinearity_threshold=0.9, remove_perfect_collinearity=True, create_clusters=False, cluster_iter=20, polynomial_features=False, polynomial_degree=2, trigonometry_features=False, polynomial_threshold=0.1, group_features=None, group_names=None, feature_selection=False, feature_selection_threshold=0.8, feature_selection_method=classic, feature_interaction=False, feature_ratio=False, interaction_threshold=0.01, fix_imbalance=False, fix_imbalance_method=None, transform_target=False, transform_target_method=box-cox, data_split_shuffle=True, data_split_stratify=False, fold_strategy=stratifiedkfold, fold=10, fold_shuffle=False, fold_groups=None, n_jobs=-1, use_gpu=False, custom_pipeline=None, html=True, session_id=None, log_experiment=False, experiment_name=None, log_plots=False, log_profile=False, log_data=False, silent=False, verbose=True, profile=False, profile_kwargs=None, display=None)
2022-08-07 15:56:15,027:INFO:Checking environment
2022-08-07 15:56:15,027:INFO:python_version: 3.9.7
2022-08-07 15:56:15,027:INFO:python_build: ('default', 'Sep 16 2021 16:59:28')
2022-08-07 15:56:15,027:INFO:machine: AMD64
2022-08-07 15:56:15,027:INFO:platform: Windows-10-10.0.19044-SP0
2022-08-07 15:56:15,027:INFO:Memory: svmem(total=21184159744, available=8044761088, percent=62.0, used=13139398656, free=8044761088)
2022-08-07 15:56:15,027:INFO:Physical Core: 4
2022-08-07 15:56:15,027:INFO:Logical Core: 8
2022-08-07 15:56:15,027:INFO:Checking libraries
2022-08-07 15:56:15,027:INFO:pd==1.4.3
2022-08-07 15:56:15,027:INFO:numpy==1.22.4
2022-08-07 15:56:15,027:INFO:sklearn==1.1.1
2022-08-07 15:56:15,027:INFO:xgboost==1.6.1
2022-08-07 15:56:15,027:INFO:lightgbm==3.3.2
2022-08-07 15:56:15,027:INFO:catboost==1.0.6
2022-08-07 15:56:15,027:INFO:mlflow==1.27.0
2022-08-07 15:56:15,027:INFO:Checking Exceptions
2022-08-07 15:57:22,700:INFO:PyCaret Supervised Module
2022-08-07 15:57:22,700:INFO:ML Usecase: classification
2022-08-07 15:57:22,700:INFO:version 2.2.2
2022-08-07 15:57:22,700:INFO:Initializing setup()
2022-08-07 15:57:22,700:INFO:setup(target=target, ml_usecase=classification, available_plots={'parameter': 'Hyperparameters', 'auc': 'AUC', 'confusion_matrix': 'Confusion Matrix', 'threshold': 'Threshold', 'pr': 'Precision Recall', 'error': 'Prediction Error', 'class_report': 'Class Report', 'rfe': 'Feature Selection', 'learning': 'Learning Curve', 'manifold': 'Manifold Learning', 'calibration': 'Calibration Curve', 'vc': 'Validation Curve', 'dimension': 'Dimensions', 'feature': 'Feature Importance', 'feature_all': 'Feature Importance (All)', 'boundary': 'Decision Boundary', 'lift': 'Lift Chart', 'gain': 'Gain Chart', 'tree': 'Decision Tree'}, train_size=0.7, test_data=None, preprocess=True, imputation_type=simple, iterative_imputation_iters=5, categorical_features=None, categorical_imputation=constant, categorical_iterative_imputer=lightgbm, ordinal_features=None, high_cardinality_features=None, high_cardinality_method=frequency, numeric_features=None, numeric_imputation=mean, numeric_iterative_imputer=lightgbm, date_features=None, ignore_features=None, normalize=False, normalize_method=zscore, transformation=False, transformation_method=yeo-johnson, handle_unknown_categorical=True, unknown_categorical_method=least_frequent, pca=False, pca_method=linear, pca_components=None, ignore_low_variance=False, combine_rare_levels=False, rare_level_threshold=0.1, bin_numeric_features=None, remove_outliers=False, outliers_threshold=0.05, remove_multicollinearity=False, multicollinearity_threshold=0.9, remove_perfect_collinearity=True, create_clusters=False, cluster_iter=20, polynomial_features=False, polynomial_degree=2, trigonometry_features=False, polynomial_threshold=0.1, group_features=None, group_names=None, feature_selection=False, feature_selection_threshold=0.8, feature_selection_method=classic, feature_interaction=False, feature_ratio=False, interaction_threshold=0.01, fix_imbalance=False, fix_imbalance_method=None, transform_target=False, transform_target_method=box-cox, data_split_shuffle=True, data_split_stratify=False, fold_strategy=stratifiedkfold, fold=10, fold_shuffle=False, fold_groups=None, n_jobs=-1, use_gpu=False, custom_pipeline=None, html=True, session_id=None, log_experiment=False, experiment_name=None, log_plots=False, log_profile=False, log_data=False, silent=False, verbose=True, profile=False, profile_kwargs=None, display=None)
2022-08-07 15:57:22,701:INFO:Checking environment
2022-08-07 15:57:22,701:INFO:python_version: 3.9.7
2022-08-07 15:57:22,701:INFO:python_build: ('default', 'Sep 16 2021 16:59:28')
2022-08-07 15:57:22,701:INFO:machine: AMD64
2022-08-07 15:57:22,701:INFO:platform: Windows-10-10.0.19044-SP0
2022-08-07 15:57:22,701:INFO:Memory: svmem(total=21184159744, available=8038260736, percent=62.1, used=13145899008, free=8038260736)
2022-08-07 15:57:22,701:INFO:Physical Core: 4
2022-08-07 15:57:22,701:INFO:Logical Core: 8
2022-08-07 15:57:22,701:INFO:Checking libraries
2022-08-07 15:57:22,701:INFO:pd==1.4.3
2022-08-07 15:57:22,701:INFO:numpy==1.22.4
2022-08-07 15:57:22,701:INFO:sklearn==1.1.1
2022-08-07 15:57:22,701:INFO:xgboost==1.6.1
2022-08-07 15:57:22,701:INFO:lightgbm==3.3.2
2022-08-07 15:57:22,701:INFO:catboost==1.0.6
2022-08-07 15:57:22,701:INFO:mlflow==1.27.0
2022-08-07 15:57:22,701:INFO:Checking Exceptions
2022-08-07 15:57:22,702:INFO:Declaring global variables
2022-08-07 15:57:22,702:INFO:USI: 8a4e
2022-08-07 15:57:22,702:INFO:pycaret_globals: {'gpu_param', '_ml_usecase', 'create_model_container', 'fold_shuffle_param', 'master_model_container', 'data_before_preprocess', 'fold_groups_param', 'display_container', 'log_plots_param', 'transform_target_param', 'fix_imbalance_param', '_available_plots', 'n_jobs_param', 'fold_param', 'experiment__', '_all_models_internal', 'y_train', 'pycaret_globals', '_all_models', 'imputation_regressor', 'stratify_param', 'X_train', 'USI', 'imputation_classifier', 'X', 'fold_generator', '_internal_pipeline', 'exp_name_log', 'prep_pipe', 'y', 'iterative_imputation_iters_param', 'logging_param', 'fix_imbalance_method_param', 'seed', '_all_metrics', 'target_param', 'html_param', 'transform_target_method_param', '_gpu_n_jobs_param', 'y_test', 'X_test'}
2022-08-07 15:57:22,702:INFO:Preparing display monitor
2022-08-07 15:57:22,702:INFO:Preparing display monitor
2022-08-07 15:57:22,714:INFO:Importing libraries
2022-08-07 15:57:22,714:INFO:Copying data for preprocessing
2022-08-07 15:57:22,732:INFO:Declaring preprocessing parameters
2022-08-07 15:57:22,750:INFO:Creating preprocessing pipeline
2022-08-07 15:57:22,952:INFO:Preprocessing pipeline created successfully
2022-08-07 15:57:22,952:ERROR:(Process Exit): setup has been interupted with user command 'quit'. setup must rerun.
2022-08-07 15:57:22,952:INFO:Creating global containers
2022-08-07 15:58:22,012:INFO:PyCaret Supervised Module
2022-08-07 15:58:22,012:INFO:ML Usecase: classification
2022-08-07 15:58:22,012:INFO:version 2.2.2
2022-08-07 15:58:22,012:INFO:Initializing setup()
2022-08-07 15:58:22,012:INFO:setup(target=target, ml_usecase=classification, available_plots={'parameter': 'Hyperparameters', 'auc': 'AUC', 'confusion_matrix': 'Confusion Matrix', 'threshold': 'Threshold', 'pr': 'Precision Recall', 'error': 'Prediction Error', 'class_report': 'Class Report', 'rfe': 'Feature Selection', 'learning': 'Learning Curve', 'manifold': 'Manifold Learning', 'calibration': 'Calibration Curve', 'vc': 'Validation Curve', 'dimension': 'Dimensions', 'feature': 'Feature Importance', 'feature_all': 'Feature Importance (All)', 'boundary': 'Decision Boundary', 'lift': 'Lift Chart', 'gain': 'Gain Chart', 'tree': 'Decision Tree'}, train_size=0.7, test_data=None, preprocess=True, imputation_type=simple, iterative_imputation_iters=5, categorical_features=None, categorical_imputation=constant, categorical_iterative_imputer=lightgbm, ordinal_features=None, high_cardinality_features=None, high_cardinality_method=frequency, numeric_features=None, numeric_imputation=mean, numeric_iterative_imputer=lightgbm, date_features=None, ignore_features=None, normalize=False, normalize_method=zscore, transformation=False, transformation_method=yeo-johnson, handle_unknown_categorical=True, unknown_categorical_method=least_frequent, pca=False, pca_method=linear, pca_components=None, ignore_low_variance=False, combine_rare_levels=False, rare_level_threshold=0.1, bin_numeric_features=None, remove_outliers=False, outliers_threshold=0.05, remove_multicollinearity=False, multicollinearity_threshold=0.9, remove_perfect_collinearity=True, create_clusters=False, cluster_iter=20, polynomial_features=False, polynomial_degree=2, trigonometry_features=False, polynomial_threshold=0.1, group_features=None, group_names=None, feature_selection=False, feature_selection_threshold=0.8, feature_selection_method=classic, feature_interaction=False, feature_ratio=False, interaction_threshold=0.01, fix_imbalance=False, fix_imbalance_method=None, transform_target=False, transform_target_method=box-cox, data_split_shuffle=True, data_split_stratify=False, fold_strategy=stratifiedkfold, fold=10, fold_shuffle=False, fold_groups=None, n_jobs=-1, use_gpu=False, custom_pipeline=None, html=True, session_id=None, log_experiment=False, experiment_name=None, log_plots=False, log_profile=False, log_data=False, silent=False, verbose=True, profile=False, profile_kwargs=None, display=None)
2022-08-07 15:58:22,012:INFO:Checking environment
2022-08-07 15:58:22,012:INFO:python_version: 3.9.7
2022-08-07 15:58:22,012:INFO:python_build: ('default', 'Sep 16 2021 16:59:28')
2022-08-07 15:58:22,012:INFO:machine: AMD64
2022-08-07 15:58:22,012:INFO:platform: Windows-10-10.0.19044-SP0
2022-08-07 15:58:22,012:INFO:Memory: svmem(total=21184159744, available=7900811264, percent=62.7, used=13283348480, free=7900811264)
2022-08-07 15:58:22,012:INFO:Physical Core: 4
2022-08-07 15:58:22,013:INFO:Logical Core: 8
2022-08-07 15:58:22,013:INFO:Checking libraries
2022-08-07 15:58:22,013:INFO:pd==1.4.3
2022-08-07 15:58:22,013:INFO:numpy==1.22.4
2022-08-07 15:58:22,013:INFO:sklearn==1.1.1
2022-08-07 15:58:22,013:INFO:xgboost==1.6.1
2022-08-07 15:58:22,013:INFO:lightgbm==3.3.2
2022-08-07 15:58:22,013:INFO:catboost==1.0.6
2022-08-07 15:58:22,013:INFO:mlflow==1.27.0
2022-08-07 15:58:22,013:INFO:Checking Exceptions
2022-08-07 15:58:22,013:INFO:Declaring global variables
2022-08-07 15:58:22,013:INFO:USI: eecf
2022-08-07 15:58:22,013:INFO:pycaret_globals: {'gpu_param', '_ml_usecase', 'create_model_container', 'fold_shuffle_param', 'master_model_container', 'data_before_preprocess', 'fold_groups_param', 'display_container', 'log_plots_param', 'transform_target_param', 'fix_imbalance_param', '_available_plots', 'n_jobs_param', 'fold_param', 'experiment__', '_all_models_internal', 'y_train', 'pycaret_globals', '_all_models', 'imputation_regressor', 'stratify_param', 'X_train', 'USI', 'imputation_classifier', 'X', 'fold_generator', '_internal_pipeline', 'exp_name_log', 'prep_pipe', 'y', 'iterative_imputation_iters_param', 'logging_param', 'fix_imbalance_method_param', 'seed', '_all_metrics', 'target_param', 'html_param', 'transform_target_method_param', '_gpu_n_jobs_param', 'y_test', 'X_test'}
2022-08-07 15:58:22,014:INFO:Preparing display monitor
2022-08-07 15:58:22,014:INFO:Preparing display monitor
2022-08-07 15:58:22,028:INFO:Importing libraries
2022-08-07 15:58:22,028:INFO:Copying data for preprocessing
2022-08-07 15:58:22,047:INFO:Declaring preprocessing parameters
2022-08-07 15:58:22,071:INFO:Creating preprocessing pipeline
2022-08-07 15:58:22,259:INFO:Preprocessing pipeline created successfully
2022-08-07 15:58:22,259:ERROR:(Process Exit): setup has been interupted with user command 'quit'. setup must rerun.
2022-08-07 15:58:22,260:INFO:Creating global containers
2022-08-07 15:58:50,844:INFO:PyCaret Supervised Module
2022-08-07 15:58:50,844:INFO:ML Usecase: classification
2022-08-07 15:58:50,844:INFO:version 2.2.2
2022-08-07 15:58:50,844:INFO:Initializing setup()
2022-08-07 15:58:50,844:INFO:setup(target=target, ml_usecase=classification, available_plots={'parameter': 'Hyperparameters', 'auc': 'AUC', 'confusion_matrix': 'Confusion Matrix', 'threshold': 'Threshold', 'pr': 'Precision Recall', 'error': 'Prediction Error', 'class_report': 'Class Report', 'rfe': 'Feature Selection', 'learning': 'Learning Curve', 'manifold': 'Manifold Learning', 'calibration': 'Calibration Curve', 'vc': 'Validation Curve', 'dimension': 'Dimensions', 'feature': 'Feature Importance', 'feature_all': 'Feature Importance (All)', 'boundary': 'Decision Boundary', 'lift': 'Lift Chart', 'gain': 'Gain Chart', 'tree': 'Decision Tree'}, train_size=0.7, test_data=None, preprocess=True, imputation_type=simple, iterative_imputation_iters=5, categorical_features=None, categorical_imputation=constant, categorical_iterative_imputer=lightgbm, ordinal_features=None, high_cardinality_features=None, high_cardinality_method=frequency, numeric_features=None, numeric_imputation=mean, numeric_iterative_imputer=lightgbm, date_features=None, ignore_features=None, normalize=False, normalize_method=zscore, transformation=False, transformation_method=yeo-johnson, handle_unknown_categorical=True, unknown_categorical_method=least_frequent, pca=False, pca_method=linear, pca_components=None, ignore_low_variance=False, combine_rare_levels=False, rare_level_threshold=0.1, bin_numeric_features=None, remove_outliers=False, outliers_threshold=0.05, remove_multicollinearity=False, multicollinearity_threshold=0.9, remove_perfect_collinearity=True, create_clusters=False, cluster_iter=20, polynomial_features=False, polynomial_degree=2, trigonometry_features=False, polynomial_threshold=0.1, group_features=None, group_names=None, feature_selection=False, feature_selection_threshold=0.8, feature_selection_method=classic, feature_interaction=False, feature_ratio=False, interaction_threshold=0.01, fix_imbalance=False, fix_imbalance_method=None, transform_target=False, transform_target_method=box-cox, data_split_shuffle=True, data_split_stratify=False, fold_strategy=stratifiedkfold, fold=10, fold_shuffle=True, fold_groups=None, n_jobs=-1, use_gpu=False, custom_pipeline=None, html=True, session_id=2, log_experiment=False, experiment_name=None, log_plots=False, log_profile=False, log_data=False, silent=False, verbose=True, profile=False, profile_kwargs=None, display=None)
2022-08-07 15:58:50,844:INFO:Checking environment
2022-08-07 15:58:50,844:INFO:python_version: 3.9.7
2022-08-07 15:58:50,844:INFO:python_build: ('default', 'Sep 16 2021 16:59:28')
2022-08-07 15:58:50,844:INFO:machine: AMD64
2022-08-07 15:58:50,844:INFO:platform: Windows-10-10.0.19044-SP0
2022-08-07 15:58:50,844:INFO:Memory: svmem(total=21184159744, available=7642710016, percent=63.9, used=13541449728, free=7642710016)
2022-08-07 15:58:50,844:INFO:Physical Core: 4
2022-08-07 15:58:50,845:INFO:Logical Core: 8
2022-08-07 15:58:50,845:INFO:Checking libraries
2022-08-07 15:58:50,845:INFO:pd==1.4.3
2022-08-07 15:58:50,845:INFO:numpy==1.22.4
2022-08-07 15:58:50,845:INFO:sklearn==1.1.1
2022-08-07 15:58:50,845:INFO:xgboost==1.6.1
2022-08-07 15:58:50,845:INFO:lightgbm==3.3.2
2022-08-07 15:58:50,845:INFO:catboost==1.0.6
2022-08-07 15:58:50,845:INFO:mlflow==1.27.0
2022-08-07 15:58:50,845:INFO:Checking Exceptions
2022-08-07 15:58:50,845:INFO:Declaring global variables
2022-08-07 15:58:50,845:INFO:USI: 5f5d
2022-08-07 15:58:50,845:INFO:pycaret_globals: {'gpu_param', '_ml_usecase', 'create_model_container', 'fold_shuffle_param', 'master_model_container', 'data_before_preprocess', 'fold_groups_param', 'display_container', 'log_plots_param', 'transform_target_param', 'fix_imbalance_param', '_available_plots', 'n_jobs_param', 'fold_param', 'experiment__', '_all_models_internal', 'y_train', 'pycaret_globals', '_all_models', 'imputation_regressor', 'stratify_param', 'X_train', 'USI', 'imputation_classifier', 'X', 'fold_generator', '_internal_pipeline', 'exp_name_log', 'prep_pipe', 'y', 'iterative_imputation_iters_param', 'logging_param', 'fix_imbalance_method_param', 'seed', '_all_metrics', 'target_param', 'html_param', 'transform_target_method_param', '_gpu_n_jobs_param', 'y_test', 'X_test'}
2022-08-07 15:58:50,845:INFO:Preparing display monitor
2022-08-07 15:58:50,845:INFO:Preparing display monitor
2022-08-07 15:58:50,858:INFO:Importing libraries
2022-08-07 15:58:50,858:INFO:Copying data for preprocessing
2022-08-07 15:58:50,877:INFO:Declaring preprocessing parameters
2022-08-07 15:58:50,902:INFO:Creating preprocessing pipeline
2022-08-07 15:58:51,075:INFO:Preprocessing pipeline created successfully
2022-08-07 15:58:51,075:ERROR:(Process Exit): setup has been interupted with user command 'quit'. setup must rerun.
2022-08-07 15:58:51,075:INFO:Creating global containers
2022-08-07 15:58:51,075:INFO:Internal pipeline: Pipeline(memory=None, steps=[('empty_step', 'passthrough')], verbose=False)
2022-08-07 16:00:46,605:INFO:Creating grid variables
2022-08-07 16:00:46,638:INFO:create_model_container: 0
2022-08-07 16:00:46,639:INFO:master_model_container: 0
2022-08-07 16:00:46,639:INFO:display_container: 0
2022-08-07 16:08:54,563:INFO:PyCaret Supervised Module
2022-08-07 16:08:54,563:INFO:ML Usecase: classification
2022-08-07 16:08:54,563:INFO:version 2.2.2
2022-08-07 16:08:54,563:INFO:Initializing setup()
2022-08-07 16:08:54,563:INFO:setup(target=target, ml_usecase=classification, available_plots={'parameter': 'Hyperparameters', 'auc': 'AUC', 'confusion_matrix': 'Confusion Matrix', 'threshold': 'Threshold', 'pr': 'Precision Recall', 'error': 'Prediction Error', 'class_report': 'Class Report', 'rfe': 'Feature Selection', 'learning': 'Learning Curve', 'manifold': 'Manifold Learning', 'calibration': 'Calibration Curve', 'vc': 'Validation Curve', 'dimension': 'Dimensions', 'feature': 'Feature Importance', 'feature_all': 'Feature Importance (All)', 'boundary': 'Decision Boundary', 'lift': 'Lift Chart', 'gain': 'Gain Chart', 'tree': 'Decision Tree'}, train_size=0.7, test_data=None, preprocess=True, imputation_type=simple, iterative_imputation_iters=5, categorical_features=None, categorical_imputation=constant, categorical_iterative_imputer=lightgbm, ordinal_features=None, high_cardinality_features=None, high_cardinality_method=frequency, numeric_features=None, numeric_imputation=mean, numeric_iterative_imputer=lightgbm, date_features=None, ignore_features=None, normalize=False, normalize_method=zscore, transformation=False, transformation_method=yeo-johnson, handle_unknown_categorical=True, unknown_categorical_method=least_frequent, pca=False, pca_method=linear, pca_components=None, ignore_low_variance=False, combine_rare_levels=False, rare_level_threshold=0.1, bin_numeric_features=None, remove_outliers=False, outliers_threshold=0.05, remove_multicollinearity=False, multicollinearity_threshold=0.9, remove_perfect_collinearity=True, create_clusters=False, cluster_iter=20, polynomial_features=False, polynomial_degree=2, trigonometry_features=False, polynomial_threshold=0.1, group_features=None, group_names=None, feature_selection=False, feature_selection_threshold=0.8, feature_selection_method=classic, feature_interaction=False, feature_ratio=False, interaction_threshold=0.01, fix_imbalance=False, fix_imbalance_method=None, transform_target=False, transform_target_method=box-cox, data_split_shuffle=True, data_split_stratify=False, fold_strategy=stratifiedkfold, fold=10, fold_shuffle=True, fold_groups=None, n_jobs=-1, use_gpu=False, custom_pipeline=None, html=True, session_id=2, log_experiment=False, experiment_name=None, log_plots=False, log_profile=False, log_data=False, silent=False, verbose=True, profile=False, profile_kwargs=None, display=None)
2022-08-07 16:08:54,563:INFO:Checking environment
2022-08-07 16:08:54,563:INFO:python_version: 3.9.7
2022-08-07 16:08:54,563:INFO:python_build: ('default', 'Sep 16 2021 16:59:28')
2022-08-07 16:08:54,563:INFO:machine: AMD64
2022-08-07 16:08:54,563:INFO:platform: Windows-10-10.0.19044-SP0
2022-08-07 16:08:54,563:INFO:Memory: svmem(total=21184159744, available=7847636992, percent=63.0, used=13336522752, free=7847636992)
2022-08-07 16:08:54,563:INFO:Physical Core: 4
2022-08-07 16:08:54,563:INFO:Logical Core: 8
2022-08-07 16:08:54,563:INFO:Checking libraries
2022-08-07 16:08:54,563:INFO:pd==1.4.3
2022-08-07 16:08:54,563:INFO:numpy==1.22.4
2022-08-07 16:08:54,563:INFO:sklearn==1.1.1
2022-08-07 16:08:54,563:INFO:xgboost==1.6.1
2022-08-07 16:08:54,563:INFO:lightgbm==3.3.2
2022-08-07 16:08:54,563:INFO:catboost==1.0.6
2022-08-07 16:08:54,563:INFO:mlflow==1.27.0
2022-08-07 16:08:54,563:INFO:Checking Exceptions
2022-08-07 16:08:54,563:INFO:Declaring global variables
2022-08-07 16:08:54,564:INFO:USI: 0bc9
2022-08-07 16:08:54,564:INFO:pycaret_globals: {'gpu_param', '_ml_usecase', 'create_model_container', 'fold_shuffle_param', 'master_model_container', 'data_before_preprocess', 'fold_groups_param', 'display_container', 'log_plots_param', 'transform_target_param', 'fix_imbalance_param', '_available_plots', 'n_jobs_param', 'fold_param', 'experiment__', '_all_models_internal', 'y_train', 'pycaret_globals', '_all_models', 'imputation_regressor', 'stratify_param', 'X_train', 'USI', 'imputation_classifier', 'X', 'fold_generator', '_internal_pipeline', 'exp_name_log', 'prep_pipe', 'y', 'iterative_imputation_iters_param', 'logging_param', 'fix_imbalance_method_param', 'seed', '_all_metrics', 'target_param', 'html_param', 'transform_target_method_param', '_gpu_n_jobs_param', 'y_test', 'X_test'}
2022-08-07 16:08:54,564:INFO:Preparing display monitor
2022-08-07 16:08:54,564:INFO:Preparing display monitor
2022-08-07 16:08:54,577:INFO:Importing libraries
2022-08-07 16:08:54,577:INFO:Copying data for preprocessing
2022-08-07 16:08:54,593:INFO:Declaring preprocessing parameters
2022-08-07 16:08:54,611:INFO:Creating preprocessing pipeline
2022-08-07 16:08:54,783:INFO:Preprocessing pipeline created successfully
2022-08-07 16:08:54,783:ERROR:(Process Exit): setup has been interupted with user command 'quit'. setup must rerun.
2022-08-07 16:08:54,784:INFO:Creating global containers
2022-08-07 16:08:54,784:INFO:Internal pipeline: Pipeline(memory=None, steps=[('empty_step', 'passthrough')], verbose=False)
2022-08-07 16:09:07,398:INFO:Creating grid variables
2022-08-07 16:09:07,426:INFO:create_model_container: 0
2022-08-07 16:09:07,427:INFO:master_model_container: 0
2022-08-07 16:09:07,427:INFO:display_container: 0
2022-08-07 16:09:43,957:INFO:PyCaret Supervised Module
2022-08-07 16:09:43,957:INFO:ML Usecase: classification
2022-08-07 16:09:43,957:INFO:version 2.2.2
2022-08-07 16:09:43,957:INFO:Initializing setup()
2022-08-07 16:09:43,957:INFO:setup(target=target, ml_usecase=classification, available_plots={'parameter': 'Hyperparameters', 'auc': 'AUC', 'confusion_matrix': 'Confusion Matrix', 'threshold': 'Threshold', 'pr': 'Precision Recall', 'error': 'Prediction Error', 'class_report': 'Class Report', 'rfe': 'Feature Selection', 'learning': 'Learning Curve', 'manifold': 'Manifold Learning', 'calibration': 'Calibration Curve', 'vc': 'Validation Curve', 'dimension': 'Dimensions', 'feature': 'Feature Importance', 'feature_all': 'Feature Importance (All)', 'boundary': 'Decision Boundary', 'lift': 'Lift Chart', 'gain': 'Gain Chart', 'tree': 'Decision Tree'}, train_size=0.7, test_data=None, preprocess=True, imputation_type=iterative, iterative_imputation_iters=5, categorical_features=None, categorical_imputation=constant, categorical_iterative_imputer=lightgbm, ordinal_features=None, high_cardinality_features=None, high_cardinality_method=frequency, numeric_features=None, numeric_imputation=mean, numeric_iterative_imputer=lightgbm, date_features=None, ignore_features=None, normalize=False, normalize_method=zscore, transformation=False, transformation_method=yeo-johnson, handle_unknown_categorical=True, unknown_categorical_method=least_frequent, pca=False, pca_method=linear, pca_components=None, ignore_low_variance=False, combine_rare_levels=False, rare_level_threshold=0.1, bin_numeric_features=None, remove_outliers=False, outliers_threshold=0.05, remove_multicollinearity=False, multicollinearity_threshold=0.9, remove_perfect_collinearity=True, create_clusters=False, cluster_iter=20, polynomial_features=False, polynomial_degree=2, trigonometry_features=False, polynomial_threshold=0.1, group_features=None, group_names=None, feature_selection=False, feature_selection_threshold=0.8, feature_selection_method=classic, feature_interaction=False, feature_ratio=False, interaction_threshold=0.01, fix_imbalance=False, fix_imbalance_method=None, transform_target=False, transform_target_method=box-cox, data_split_shuffle=True, data_split_stratify=False, fold_strategy=stratifiedkfold, fold=10, fold_shuffle=True, fold_groups=None, n_jobs=4, use_gpu=False, custom_pipeline=None, html=True, session_id=2, log_experiment=False, experiment_name=None, log_plots=False, log_profile=False, log_data=False, silent=False, verbose=True, profile=False, profile_kwargs=None, display=None)
2022-08-07 16:09:43,957:INFO:Checking environment
2022-08-07 16:09:43,957:INFO:python_version: 3.9.7
2022-08-07 16:09:43,957:INFO:python_build: ('default', 'Sep 16 2021 16:59:28')
2022-08-07 16:09:43,957:INFO:machine: AMD64
2022-08-07 16:09:43,958:INFO:platform: Windows-10-10.0.19044-SP0
2022-08-07 16:09:43,958:INFO:Memory: svmem(total=21184159744, available=7653138432, percent=63.9, used=13531021312, free=7653138432)
2022-08-07 16:09:43,958:INFO:Physical Core: 4
2022-08-07 16:09:43,958:INFO:Logical Core: 8
2022-08-07 16:09:43,958:INFO:Checking libraries
2022-08-07 16:09:43,958:INFO:pd==1.4.3
2022-08-07 16:09:43,958:INFO:numpy==1.22.4
2022-08-07 16:09:43,958:INFO:sklearn==1.1.1
2022-08-07 16:09:43,959:INFO:xgboost==1.6.1
2022-08-07 16:09:43,959:INFO:lightgbm==3.3.2
2022-08-07 16:09:43,959:INFO:catboost==1.0.6
2022-08-07 16:09:43,959:INFO:mlflow==1.27.0
2022-08-07 16:09:43,959:INFO:Checking Exceptions
2022-08-07 16:09:43,959:INFO:Declaring global variables
2022-08-07 16:09:43,959:INFO:USI: a264
2022-08-07 16:09:43,959:INFO:pycaret_globals: {'gpu_param', '_ml_usecase', 'create_model_container', 'fold_shuffle_param', 'master_model_container', 'data_before_preprocess', 'fold_groups_param', 'display_container', 'log_plots_param', 'transform_target_param', 'fix_imbalance_param', '_available_plots', 'n_jobs_param', 'fold_param', 'experiment__', '_all_models_internal', 'y_train', 'pycaret_globals', '_all_models', 'imputation_regressor', 'stratify_param', 'X_train', 'USI', 'imputation_classifier', 'X', 'fold_generator', '_internal_pipeline', 'exp_name_log', 'prep_pipe', 'y', 'iterative_imputation_iters_param', 'logging_param', 'fix_imbalance_method_param', 'seed', '_all_metrics', 'target_param', 'html_param', 'transform_target_method_param', '_gpu_n_jobs_param', 'y_test', 'X_test'}
2022-08-07 16:09:43,959:INFO:Preparing display monitor
2022-08-07 16:09:43,959:INFO:Preparing display monitor
2022-08-07 16:09:43,969:INFO:Importing libraries
2022-08-07 16:09:43,970:INFO:Copying data for preprocessing
2022-08-07 16:09:43,991:INFO:Declaring preprocessing parameters
2022-08-07 16:09:44,011:INFO:Setting up iterative imputation
2022-08-07 16:09:44,197:INFO:Creating preprocessing pipeline
2022-08-07 16:09:44,740:INFO:Preprocessing pipeline created successfully
2022-08-07 16:09:44,740:ERROR:(Process Exit): setup has been interupted with user command 'quit'. setup must rerun.
2022-08-07 16:09:44,740:INFO:Creating global containers
2022-08-07 16:09:44,741:INFO:Internal pipeline: Pipeline(memory=None, steps=[('empty_step', 'passthrough')], verbose=False)
2022-08-07 16:09:58,950:INFO:Creating grid variables
2022-08-07 16:09:58,982:INFO:create_model_container: 0
2022-08-07 16:09:58,982:INFO:master_model_container: 0
2022-08-07 16:09:58,982:INFO:display_container: 0
2022-08-07 16:11:05,003:INFO:PyCaret Supervised Module
2022-08-07 16:11:05,003:INFO:ML Usecase: classification
2022-08-07 16:11:05,003:INFO:version 2.2.2
2022-08-07 16:11:05,003:INFO:Initializing setup()
2022-08-07 16:11:05,003:INFO:setup(target=target, ml_usecase=classification, available_plots={'parameter': 'Hyperparameters', 'auc': 'AUC', 'confusion_matrix': 'Confusion Matrix', 'threshold': 'Threshold', 'pr': 'Precision Recall', 'error': 'Prediction Error', 'class_report': 'Class Report', 'rfe': 'Feature Selection', 'learning': 'Learning Curve', 'manifold': 'Manifold Learning', 'calibration': 'Calibration Curve', 'vc': 'Validation Curve', 'dimension': 'Dimensions', 'feature': 'Feature Importance', 'feature_all': 'Feature Importance (All)', 'boundary': 'Decision Boundary', 'lift': 'Lift Chart', 'gain': 'Gain Chart', 'tree': 'Decision Tree'}, train_size=0.7, test_data=None, preprocess=True, imputation_type=simple, iterative_imputation_iters=5, categorical_features=None, categorical_imputation=constant, categorical_iterative_imputer=lightgbm, ordinal_features=None, high_cardinality_features=None, high_cardinality_method=frequency, numeric_features=None, numeric_imputation=mean, numeric_iterative_imputer=lightgbm, date_features=None, ignore_features=None, normalize=False, normalize_method=zscore, transformation=False, transformation_method=yeo-johnson, handle_unknown_categorical=True, unknown_categorical_method=least_frequent, pca=False, pca_method=linear, pca_components=None, ignore_low_variance=False, combine_rare_levels=False, rare_level_threshold=0.1, bin_numeric_features=None, remove_outliers=False, outliers_threshold=0.05, remove_multicollinearity=True, multicollinearity_threshold=0.95, remove_perfect_collinearity=True, create_clusters=False, cluster_iter=20, polynomial_features=False, polynomial_degree=2, trigonometry_features=False, polynomial_threshold=0.1, group_features=None, group_names=None, feature_selection=False, feature_selection_threshold=0.8, feature_selection_method=classic, feature_interaction=False, feature_ratio=False, interaction_threshold=0.01, fix_imbalance=True, fix_imbalance_method=None, transform_target=False, transform_target_method=box-cox, data_split_shuffle=True, data_split_stratify=False, fold_strategy=stratifiedkfold, fold=10, fold_shuffle=False, fold_groups=None, n_jobs=-1, use_gpu=False, custom_pipeline=None, html=True, session_id=123, log_experiment=False, experiment_name=None, log_plots=False, log_profile=False, log_data=False, silent=False, verbose=True, profile=False, profile_kwargs=None, display=None)
2022-08-07 16:11:05,003:INFO:Checking environment
2022-08-07 16:11:05,003:INFO:python_version: 3.9.7
2022-08-07 16:11:05,003:INFO:python_build: ('default', 'Sep 16 2021 16:59:28')
2022-08-07 16:11:05,003:INFO:machine: AMD64
2022-08-07 16:11:05,003:INFO:platform: Windows-10-10.0.19044-SP0
2022-08-07 16:11:05,004:INFO:Memory: svmem(total=21184159744, available=7398858752, percent=65.1, used=13785300992, free=7398858752)
2022-08-07 16:11:05,004:INFO:Physical Core: 4
2022-08-07 16:11:05,004:INFO:Logical Core: 8
2022-08-07 16:11:05,004:INFO:Checking libraries
2022-08-07 16:11:05,004:INFO:pd==1.4.3
2022-08-07 16:11:05,004:INFO:numpy==1.22.4
2022-08-07 16:11:05,004:INFO:sklearn==1.1.1
2022-08-07 16:11:05,004:INFO:xgboost==1.6.1
2022-08-07 16:11:05,004:INFO:lightgbm==3.3.2
2022-08-07 16:11:05,004:INFO:catboost==1.0.6
2022-08-07 16:11:05,004:INFO:mlflow==1.27.0
2022-08-07 16:11:05,004:INFO:Checking Exceptions
2022-08-07 16:11:05,004:INFO:Declaring global variables
2022-08-07 16:11:05,004:INFO:USI: 9bd5
2022-08-07 16:11:05,005:INFO:pycaret_globals: {'gpu_param', '_ml_usecase', 'create_model_container', 'fold_shuffle_param', 'master_model_container', 'data_before_preprocess', 'fold_groups_param', 'display_container', 'log_plots_param', 'transform_target_param', 'fix_imbalance_param', '_available_plots', 'n_jobs_param', 'fold_param', 'experiment__', '_all_models_internal', 'y_train', 'pycaret_globals', '_all_models', 'imputation_regressor', 'stratify_param', 'X_train', 'USI', 'imputation_classifier', 'X', 'fold_generator', '_internal_pipeline', 'exp_name_log', 'prep_pipe', 'y', 'iterative_imputation_iters_param', 'logging_param', 'fix_imbalance_method_param', 'seed', '_all_metrics', 'target_param', 'html_param', 'transform_target_method_param', '_gpu_n_jobs_param', 'y_test', 'X_test'}
2022-08-07 16:11:05,005:INFO:Preparing display monitor
2022-08-07 16:11:05,005:INFO:Preparing display monitor
2022-08-07 16:11:05,018:INFO:Importing libraries
2022-08-07 16:11:05,018:INFO:Copying data for preprocessing
2022-08-07 16:11:05,031:INFO:Declaring preprocessing parameters
2022-08-07 16:11:05,054:INFO:Creating preprocessing pipeline
2022-08-07 16:11:05,250:INFO:Preprocessing pipeline created successfully
2022-08-07 16:11:05,250:ERROR:(Process Exit): setup has been interupted with user command 'quit'. setup must rerun.
2022-08-07 16:11:05,250:INFO:Creating global containers
2022-08-07 16:11:55,000:INFO:PyCaret Supervised Module
2022-08-07 16:11:55,000:INFO:ML Usecase: classification
2022-08-07 16:11:55,000:INFO:version 2.2.2
2022-08-07 16:11:55,000:INFO:Initializing setup()
2022-08-07 16:11:55,000:INFO:setup(target=target, ml_usecase=classification, available_plots={'parameter': 'Hyperparameters', 'auc': 'AUC', 'confusion_matrix': 'Confusion Matrix', 'threshold': 'Threshold', 'pr': 'Precision Recall', 'error': 'Prediction Error', 'class_report': 'Class Report', 'rfe': 'Feature Selection', 'learning': 'Learning Curve', 'manifold': 'Manifold Learning', 'calibration': 'Calibration Curve', 'vc': 'Validation Curve', 'dimension': 'Dimensions', 'feature': 'Feature Importance', 'feature_all': 'Feature Importance (All)', 'boundary': 'Decision Boundary', 'lift': 'Lift Chart', 'gain': 'Gain Chart', 'tree': 'Decision Tree'}, train_size=0.7, test_data=None, preprocess=True, imputation_type=simple, iterative_imputation_iters=5, categorical_features=None, categorical_imputation=constant, categorical_iterative_imputer=lightgbm, ordinal_features=None, high_cardinality_features=None, high_cardinality_method=frequency, numeric_features=None, numeric_imputation=mean, numeric_iterative_imputer=lightgbm, date_features=None, ignore_features=None, normalize=False, normalize_method=zscore, transformation=False, transformation_method=yeo-johnson, handle_unknown_categorical=True, unknown_categorical_method=least_frequent, pca=False, pca_method=linear, pca_components=None, ignore_low_variance=False, combine_rare_levels=False, rare_level_threshold=0.1, bin_numeric_features=None, remove_outliers=False, outliers_threshold=0.05, remove_multicollinearity=True, multicollinearity_threshold=0.95, remove_perfect_collinearity=True, create_clusters=False, cluster_iter=20, polynomial_features=False, polynomial_degree=2, trigonometry_features=False, polynomial_threshold=0.1, group_features=None, group_names=None, feature_selection=False, feature_selection_threshold=0.8, feature_selection_method=classic, feature_interaction=False, feature_ratio=False, interaction_threshold=0.01, fix_imbalance=True, fix_imbalance_method=None, transform_target=False, transform_target_method=box-cox, data_split_shuffle=True, data_split_stratify=False, fold_strategy=stratifiedkfold, fold=10, fold_shuffle=True, fold_groups=None, n_jobs=-1, use_gpu=False, custom_pipeline=None, html=True, session_id=2, log_experiment=False, experiment_name=None, log_plots=False, log_profile=False, log_data=False, silent=False, verbose=True, profile=False, profile_kwargs=None, display=None)
2022-08-07 16:11:55,000:INFO:Checking environment
2022-08-07 16:11:55,000:INFO:python_version: 3.9.7
2022-08-07 16:11:55,001:INFO:python_build: ('default', 'Sep 16 2021 16:59:28')
2022-08-07 16:11:55,001:INFO:machine: AMD64
2022-08-07 16:11:55,001:INFO:platform: Windows-10-10.0.19044-SP0
2022-08-07 16:11:55,001:INFO:Memory: svmem(total=21184159744, available=7368085504, percent=65.2, used=13816074240, free=7368085504)
2022-08-07 16:11:55,001:INFO:Physical Core: 4
2022-08-07 16:11:55,001:INFO:Logical Core: 8
2022-08-07 16:11:55,001:INFO:Checking libraries
2022-08-07 16:11:55,001:INFO:pd==1.4.3
2022-08-07 16:11:55,001:INFO:numpy==1.22.4
2022-08-07 16:11:55,001:INFO:sklearn==1.1.1
2022-08-07 16:11:55,001:INFO:xgboost==1.6.1
2022-08-07 16:11:55,001:INFO:lightgbm==3.3.2
2022-08-07 16:11:55,001:INFO:catboost==1.0.6
2022-08-07 16:11:55,001:INFO:mlflow==1.27.0
2022-08-07 16:11:55,001:INFO:Checking Exceptions
2022-08-07 16:11:55,002:INFO:Declaring global variables
2022-08-07 16:11:55,002:INFO:USI: 89e5
2022-08-07 16:11:55,002:INFO:pycaret_globals: {'gpu_param', '_ml_usecase', 'create_model_container', 'fold_shuffle_param', 'master_model_container', 'data_before_preprocess', 'fold_groups_param', 'display_container', 'log_plots_param', 'transform_target_param', 'fix_imbalance_param', '_available_plots', 'n_jobs_param', 'fold_param', 'experiment__', '_all_models_internal', 'y_train', 'pycaret_globals', '_all_models', 'imputation_regressor', 'stratify_param', 'X_train', 'USI', 'imputation_classifier', 'X', 'fold_generator', '_internal_pipeline', 'exp_name_log', 'prep_pipe', 'y', 'iterative_imputation_iters_param', 'logging_param', 'fix_imbalance_method_param', 'seed', '_all_metrics', 'target_param', 'html_param', 'transform_target_method_param', '_gpu_n_jobs_param', 'y_test', 'X_test'}
2022-08-07 16:11:55,002:INFO:Preparing display monitor
2022-08-07 16:11:55,002:INFO:Preparing display monitor
2022-08-07 16:11:55,014:INFO:Importing libraries
2022-08-07 16:11:55,014:INFO:Copying data for preprocessing
2022-08-07 16:11:55,029:INFO:Declaring preprocessing parameters
2022-08-07 16:11:55,052:INFO:Creating preprocessing pipeline
2022-08-07 16:11:55,233:INFO:Preprocessing pipeline created successfully
2022-08-07 16:11:55,234:ERROR:(Process Exit): setup has been interupted with user command 'quit'. setup must rerun.
2022-08-07 16:11:55,234:INFO:Creating global containers
2022-08-07 16:11:55,234:INFO:Internal pipeline: Pipeline(memory=None,
         steps=[('fix_imbalance',
                 SMOTE(k_neighbors=5, n_jobs=None, random_state=2,
                       sampling_strategy='auto'))],
         verbose=False)
2022-08-07 16:18:26,878:INFO:PyCaret Supervised Module
2022-08-07 16:18:26,879:INFO:ML Usecase: classification
2022-08-07 16:18:26,879:INFO:version 2.2.2
2022-08-07 16:18:26,879:INFO:Initializing setup()
2022-08-07 16:18:26,879:INFO:setup(target=target, ml_usecase=classification, available_plots={'parameter': 'Hyperparameters', 'auc': 'AUC', 'confusion_matrix': 'Confusion Matrix', 'threshold': 'Threshold', 'pr': 'Precision Recall', 'error': 'Prediction Error', 'class_report': 'Class Report', 'rfe': 'Feature Selection', 'learning': 'Learning Curve', 'manifold': 'Manifold Learning', 'calibration': 'Calibration Curve', 'vc': 'Validation Curve', 'dimension': 'Dimensions', 'feature': 'Feature Importance', 'feature_all': 'Feature Importance (All)', 'boundary': 'Decision Boundary', 'lift': 'Lift Chart', 'gain': 'Gain Chart', 'tree': 'Decision Tree'}, train_size=0.7, test_data=None, preprocess=True, imputation_type=iterative, iterative_imputation_iters=5, categorical_features=None, categorical_imputation=constant, categorical_iterative_imputer=lightgbm, ordinal_features=None, high_cardinality_features=None, high_cardinality_method=frequency, numeric_features=None, numeric_imputation=mean, numeric_iterative_imputer=lightgbm, date_features=None, ignore_features=None, normalize=False, normalize_method=zscore, transformation=False, transformation_method=yeo-johnson, handle_unknown_categorical=True, unknown_categorical_method=least_frequent, pca=False, pca_method=linear, pca_components=None, ignore_low_variance=False, combine_rare_levels=False, rare_level_threshold=0.1, bin_numeric_features=None, remove_outliers=False, outliers_threshold=0.05, remove_multicollinearity=True, multicollinearity_threshold=0.95, remove_perfect_collinearity=True, create_clusters=False, cluster_iter=20, polynomial_features=False, polynomial_degree=2, trigonometry_features=False, polynomial_threshold=0.1, group_features=None, group_names=None, feature_selection=False, feature_selection_threshold=0.8, feature_selection_method=classic, feature_interaction=False, feature_ratio=False, interaction_threshold=0.01, fix_imbalance=True, fix_imbalance_method=None, transform_target=False, transform_target_method=box-cox, data_split_shuffle=True, data_split_stratify=False, fold_strategy=stratifiedkfold, fold=10, fold_shuffle=True, fold_groups=None, n_jobs=-1, use_gpu=False, custom_pipeline=None, html=True, session_id=2, log_experiment=False, experiment_name=None, log_plots=False, log_profile=False, log_data=False, silent=False, verbose=True, profile=False, profile_kwargs=None, display=None)
2022-08-07 16:18:26,879:INFO:Checking environment
2022-08-07 16:18:26,879:INFO:python_version: 3.9.7
2022-08-07 16:18:26,879:INFO:python_build: ('default', 'Sep 16 2021 16:59:28')
2022-08-07 16:18:26,879:INFO:machine: AMD64
2022-08-07 16:18:26,879:INFO:platform: Windows-10-10.0.19044-SP0
2022-08-07 16:18:26,879:INFO:Memory: svmem(total=21184159744, available=7168057344, percent=66.2, used=14016102400, free=7168057344)
2022-08-07 16:18:26,879:INFO:Physical Core: 4
2022-08-07 16:18:26,879:INFO:Logical Core: 8
2022-08-07 16:18:26,880:INFO:Checking libraries
2022-08-07 16:18:26,880:INFO:pd==1.4.3
2022-08-07 16:18:26,880:INFO:numpy==1.22.4
2022-08-07 16:18:26,880:INFO:sklearn==1.1.1
2022-08-07 16:18:26,880:INFO:xgboost==1.6.1
2022-08-07 16:18:26,880:INFO:lightgbm==3.3.2
2022-08-07 16:18:26,880:INFO:catboost==1.0.6
2022-08-07 16:18:26,880:INFO:mlflow==1.27.0
2022-08-07 16:18:26,880:INFO:Checking Exceptions
2022-08-07 16:18:26,880:INFO:Declaring global variables
2022-08-07 16:18:26,880:INFO:USI: 53a3
2022-08-07 16:18:26,880:INFO:pycaret_globals: {'gpu_param', '_ml_usecase', 'create_model_container', 'fold_shuffle_param', 'master_model_container', 'data_before_preprocess', 'fold_groups_param', 'display_container', 'log_plots_param', 'transform_target_param', 'fix_imbalance_param', '_available_plots', 'n_jobs_param', 'fold_param', 'experiment__', '_all_models_internal', 'y_train', 'pycaret_globals', '_all_models', 'imputation_regressor', 'stratify_param', 'X_train', 'USI', 'imputation_classifier', 'X', 'fold_generator', '_internal_pipeline', 'exp_name_log', 'prep_pipe', 'y', 'iterative_imputation_iters_param', 'logging_param', 'fix_imbalance_method_param', 'seed', '_all_metrics', 'target_param', 'html_param', 'transform_target_method_param', '_gpu_n_jobs_param', 'y_test', 'X_test'}
2022-08-07 16:18:26,881:INFO:Preparing display monitor
2022-08-07 16:18:26,881:INFO:Preparing display monitor
2022-08-07 16:18:26,898:INFO:Importing libraries
2022-08-07 16:18:26,898:INFO:Copying data for preprocessing
2022-08-07 16:18:26,921:INFO:Declaring preprocessing parameters
2022-08-07 16:18:26,941:INFO:Setting up iterative imputation
2022-08-07 16:18:27,103:INFO:Creating preprocessing pipeline
2022-08-07 16:18:27,355:INFO:Preprocessing pipeline created successfully
2022-08-07 16:18:27,355:ERROR:(Process Exit): setup has been interupted with user command 'quit'. setup must rerun.
2022-08-07 16:18:27,356:INFO:Creating global containers
2022-08-07 16:18:27,357:INFO:Internal pipeline: Pipeline(memory=None,
         steps=[('fix_imbalance',
                 SMOTE(k_neighbors=5, n_jobs=None, random_state=2,
                       sampling_strategy='auto'))],
         verbose=False)
2022-08-07 16:21:40,326:INFO:PyCaret Supervised Module
2022-08-07 16:21:40,327:INFO:ML Usecase: classification
2022-08-07 16:21:40,327:INFO:version 2.2.2
2022-08-07 16:21:40,327:INFO:Initializing setup()
2022-08-07 16:21:40,327:INFO:setup(target=target, ml_usecase=classification, available_plots={'parameter': 'Hyperparameters', 'auc': 'AUC', 'confusion_matrix': 'Confusion Matrix', 'threshold': 'Threshold', 'pr': 'Precision Recall', 'error': 'Prediction Error', 'class_report': 'Class Report', 'rfe': 'Feature Selection', 'learning': 'Learning Curve', 'manifold': 'Manifold Learning', 'calibration': 'Calibration Curve', 'vc': 'Validation Curve', 'dimension': 'Dimensions', 'feature': 'Feature Importance', 'feature_all': 'Feature Importance (All)', 'boundary': 'Decision Boundary', 'lift': 'Lift Chart', 'gain': 'Gain Chart', 'tree': 'Decision Tree'}, train_size=0.7, test_data=None, preprocess=True, imputation_type=iterative, iterative_imputation_iters=5, categorical_features=None, categorical_imputation=constant, categorical_iterative_imputer=lightgbm, ordinal_features=None, high_cardinality_features=None, high_cardinality_method=frequency, numeric_features=None, numeric_imputation=mean, numeric_iterative_imputer=lightgbm, date_features=None, ignore_features=None, normalize=False, normalize_method=zscore, transformation=False, transformation_method=yeo-johnson, handle_unknown_categorical=True, unknown_categorical_method=least_frequent, pca=False, pca_method=linear, pca_components=None, ignore_low_variance=False, combine_rare_levels=False, rare_level_threshold=0.1, bin_numeric_features=None, remove_outliers=False, outliers_threshold=0.05, remove_multicollinearity=True, multicollinearity_threshold=0.95, remove_perfect_collinearity=True, create_clusters=False, cluster_iter=20, polynomial_features=False, polynomial_degree=2, trigonometry_features=False, polynomial_threshold=0.1, group_features=None, group_names=None, feature_selection=False, feature_selection_threshold=0.8, feature_selection_method=classic, feature_interaction=False, feature_ratio=False, interaction_threshold=0.01, fix_imbalance=True, fix_imbalance_method=None, transform_target=False, transform_target_method=box-cox, data_split_shuffle=True, data_split_stratify=False, fold_strategy=stratifiedkfold, fold=10, fold_shuffle=True, fold_groups=None, n_jobs=-1, use_gpu=False, custom_pipeline=None, html=True, session_id=2, log_experiment=False, experiment_name=None, log_plots=False, log_profile=False, log_data=False, silent=False, verbose=True, profile=False, profile_kwargs=None, display=None)
2022-08-07 16:21:40,327:INFO:Checking environment
2022-08-07 16:21:40,327:INFO:python_version: 3.9.7
2022-08-07 16:21:40,327:INFO:python_build: ('default', 'Sep 16 2021 16:59:28')
2022-08-07 16:21:40,327:INFO:machine: AMD64
2022-08-07 16:21:40,327:INFO:platform: Windows-10-10.0.19044-SP0
2022-08-07 16:21:40,327:INFO:Memory: svmem(total=21184159744, available=6338240512, percent=70.1, used=14845919232, free=6338240512)
2022-08-07 16:21:40,327:INFO:Physical Core: 4
2022-08-07 16:21:40,327:INFO:Logical Core: 8
2022-08-07 16:21:40,327:INFO:Checking libraries
2022-08-07 16:21:40,327:INFO:pd==1.4.3
2022-08-07 16:21:40,327:INFO:numpy==1.22.4
2022-08-07 16:21:40,327:INFO:sklearn==1.1.1
2022-08-07 16:21:40,328:INFO:xgboost==1.6.1
2022-08-07 16:21:40,328:INFO:lightgbm==3.3.2
2022-08-07 16:21:40,328:INFO:catboost==1.0.6
2022-08-07 16:21:40,328:INFO:mlflow==1.27.0
2022-08-07 16:21:40,328:INFO:Checking Exceptions
2022-08-07 16:21:40,328:INFO:Declaring global variables
2022-08-07 16:21:40,328:INFO:USI: 1949
2022-08-07 16:21:40,328:INFO:pycaret_globals: {'gpu_param', '_ml_usecase', 'create_model_container', 'fold_shuffle_param', 'master_model_container', 'data_before_preprocess', 'fold_groups_param', 'display_container', 'log_plots_param', 'transform_target_param', 'fix_imbalance_param', '_available_plots', 'n_jobs_param', 'fold_param', 'experiment__', '_all_models_internal', 'y_train', 'pycaret_globals', '_all_models', 'imputation_regressor', 'stratify_param', 'X_train', 'USI', 'imputation_classifier', 'X', 'fold_generator', '_internal_pipeline', 'exp_name_log', 'prep_pipe', 'y', 'iterative_imputation_iters_param', 'logging_param', 'fix_imbalance_method_param', 'seed', '_all_metrics', 'target_param', 'html_param', 'transform_target_method_param', '_gpu_n_jobs_param', 'y_test', 'X_test'}
2022-08-07 16:21:40,328:INFO:Preparing display monitor
2022-08-07 16:21:40,328:INFO:Preparing display monitor
2022-08-07 16:21:40,340:INFO:Importing libraries
2022-08-07 16:21:40,340:INFO:Copying data for preprocessing
2022-08-07 16:21:40,358:INFO:Declaring preprocessing parameters
2022-08-07 16:21:40,384:INFO:Setting up iterative imputation
2022-08-07 16:21:40,545:INFO:Creating preprocessing pipeline
2022-08-07 16:21:40,741:INFO:Preprocessing pipeline created successfully
2022-08-07 16:21:40,741:ERROR:(Process Exit): setup has been interupted with user command 'quit'. setup must rerun.
2022-08-07 16:21:40,741:INFO:Creating global containers
2022-08-07 16:21:40,744:INFO:Internal pipeline: Pipeline(memory=None,
         steps=[('fix_imbalance',
                 SMOTE(k_neighbors=5, n_jobs=None, random_state=2,
                       sampling_strategy='auto'))],
         verbose=False)
2022-08-07 16:38:19,588:INFO:PyCaret Supervised Module
2022-08-07 16:38:19,588:INFO:ML Usecase: classification
2022-08-07 16:38:19,588:INFO:version 2.2.2
2022-08-07 16:38:19,588:INFO:Initializing setup()
2022-08-07 16:38:19,589:INFO:setup(target=target, ml_usecase=classification, available_plots={'parameter': 'Hyperparameters', 'auc': 'AUC', 'confusion_matrix': 'Confusion Matrix', 'threshold': 'Threshold', 'pr': 'Precision Recall', 'error': 'Prediction Error', 'class_report': 'Class Report', 'rfe': 'Feature Selection', 'learning': 'Learning Curve', 'manifold': 'Manifold Learning', 'calibration': 'Calibration Curve', 'vc': 'Validation Curve', 'dimension': 'Dimensions', 'feature': 'Feature Importance', 'feature_all': 'Feature Importance (All)', 'boundary': 'Decision Boundary', 'lift': 'Lift Chart', 'gain': 'Gain Chart', 'tree': 'Decision Tree'}, train_size=0.7, test_data=None, preprocess=True, imputation_type=iterative, iterative_imputation_iters=5, categorical_features=None, categorical_imputation=constant, categorical_iterative_imputer=lightgbm, ordinal_features=None, high_cardinality_features=None, high_cardinality_method=frequency, numeric_features=None, numeric_imputation=mean, numeric_iterative_imputer=lightgbm, date_features=None, ignore_features=None, normalize=False, normalize_method=zscore, transformation=False, transformation_method=yeo-johnson, handle_unknown_categorical=True, unknown_categorical_method=least_frequent, pca=False, pca_method=linear, pca_components=None, ignore_low_variance=False, combine_rare_levels=False, rare_level_threshold=0.1, bin_numeric_features=None, remove_outliers=False, outliers_threshold=0.05, remove_multicollinearity=True, multicollinearity_threshold=0.95, remove_perfect_collinearity=True, create_clusters=False, cluster_iter=20, polynomial_features=False, polynomial_degree=2, trigonometry_features=False, polynomial_threshold=0.1, group_features=None, group_names=None, feature_selection=False, feature_selection_threshold=0.8, feature_selection_method=classic, feature_interaction=False, feature_ratio=False, interaction_threshold=0.01, fix_imbalance=True, fix_imbalance_method=None, transform_target=False, transform_target_method=box-cox, data_split_shuffle=True, data_split_stratify=False, fold_strategy=stratifiedkfold, fold=10, fold_shuffle=True, fold_groups=None, n_jobs=-1, use_gpu=False, custom_pipeline=None, html=True, session_id=2, log_experiment=False, experiment_name=None, log_plots=False, log_profile=False, log_data=False, silent=False, verbose=True, profile=False, profile_kwargs=None, display=None)
2022-08-07 16:38:19,589:INFO:Checking environment
2022-08-07 16:38:19,589:INFO:python_version: 3.9.7
2022-08-07 16:38:19,589:INFO:python_build: ('default', 'Sep 16 2021 16:59:28')
2022-08-07 16:38:19,589:INFO:machine: AMD64
2022-08-07 16:38:19,589:INFO:platform: Windows-10-10.0.19044-SP0
2022-08-07 16:38:19,589:INFO:Memory: svmem(total=21184159744, available=5799059456, percent=72.6, used=15385100288, free=5799059456)
2022-08-07 16:38:19,589:INFO:Physical Core: 4
2022-08-07 16:38:19,589:INFO:Logical Core: 8
2022-08-07 16:38:19,589:INFO:Checking libraries
2022-08-07 16:38:19,589:INFO:pd==1.4.3
2022-08-07 16:38:19,589:INFO:numpy==1.22.4
2022-08-07 16:38:19,589:INFO:sklearn==1.1.1
2022-08-07 16:38:19,589:INFO:xgboost==1.6.1
2022-08-07 16:38:19,589:INFO:lightgbm==3.3.2
2022-08-07 16:38:19,589:INFO:catboost==1.0.6
2022-08-07 16:38:19,589:INFO:mlflow==1.27.0
2022-08-07 16:38:19,589:INFO:Checking Exceptions
2022-08-07 16:38:19,590:INFO:Declaring global variables
2022-08-07 16:38:19,590:INFO:USI: 4d86
2022-08-07 16:38:19,590:INFO:pycaret_globals: {'gpu_param', '_ml_usecase', 'create_model_container', 'fold_shuffle_param', 'master_model_container', 'data_before_preprocess', 'fold_groups_param', 'display_container', 'log_plots_param', 'transform_target_param', 'fix_imbalance_param', '_available_plots', 'n_jobs_param', 'fold_param', 'experiment__', '_all_models_internal', 'y_train', 'pycaret_globals', '_all_models', 'imputation_regressor', 'stratify_param', 'X_train', 'USI', 'imputation_classifier', 'X', 'fold_generator', '_internal_pipeline', 'exp_name_log', 'prep_pipe', 'y', 'iterative_imputation_iters_param', 'logging_param', 'fix_imbalance_method_param', 'seed', '_all_metrics', 'target_param', 'html_param', 'transform_target_method_param', '_gpu_n_jobs_param', 'y_test', 'X_test'}
2022-08-07 16:38:19,590:INFO:Preparing display monitor
2022-08-07 16:38:19,590:INFO:Preparing display monitor
2022-08-07 16:38:19,604:INFO:Importing libraries
2022-08-07 16:38:19,605:INFO:Copying data for preprocessing
2022-08-07 16:38:19,632:INFO:Declaring preprocessing parameters
2022-08-07 16:38:19,660:INFO:Setting up iterative imputation
2022-08-07 16:38:19,913:INFO:Creating preprocessing pipeline
2022-08-07 16:38:20,150:INFO:Preprocessing pipeline created successfully
2022-08-07 16:38:20,150:ERROR:(Process Exit): setup has been interupted with user command 'quit'. setup must rerun.
2022-08-07 16:38:20,150:INFO:Creating global containers
2022-08-07 16:38:20,151:INFO:Internal pipeline: Pipeline(memory=None,
         steps=[('fix_imbalance',
                 SMOTE(k_neighbors=5, n_jobs=None, random_state=2,
                       sampling_strategy='auto'))],
         verbose=False)
2022-08-07 21:31:37,000:INFO:PyCaret Supervised Module
2022-08-07 21:31:37,018:INFO:ML Usecase: classification
2022-08-07 21:31:37,018:INFO:version 2.2.2
2022-08-07 21:31:37,018:INFO:Initializing setup()
2022-08-07 21:31:37,018:INFO:setup(target=target, ml_usecase=classification, available_plots={'parameter': 'Hyperparameters', 'auc': 'AUC', 'confusion_matrix': 'Confusion Matrix', 'threshold': 'Threshold', 'pr': 'Precision Recall', 'error': 'Prediction Error', 'class_report': 'Class Report', 'rfe': 'Feature Selection', 'learning': 'Learning Curve', 'manifold': 'Manifold Learning', 'calibration': 'Calibration Curve', 'vc': 'Validation Curve', 'dimension': 'Dimensions', 'feature': 'Feature Importance', 'feature_all': 'Feature Importance (All)', 'boundary': 'Decision Boundary', 'lift': 'Lift Chart', 'gain': 'Gain Chart', 'tree': 'Decision Tree'}, train_size=0.7, test_data=None, preprocess=True, imputation_type=iterative, iterative_imputation_iters=5, categorical_features=None, categorical_imputation=constant, categorical_iterative_imputer=lightgbm, ordinal_features=None, high_cardinality_features=None, high_cardinality_method=frequency, numeric_features=None, numeric_imputation=mean, numeric_iterative_imputer=lightgbm, date_features=None, ignore_features=None, normalize=False, normalize_method=zscore, transformation=False, transformation_method=yeo-johnson, handle_unknown_categorical=True, unknown_categorical_method=least_frequent, pca=False, pca_method=linear, pca_components=None, ignore_low_variance=False, combine_rare_levels=False, rare_level_threshold=0.1, bin_numeric_features=None, remove_outliers=False, outliers_threshold=0.05, remove_multicollinearity=True, multicollinearity_threshold=0.95, remove_perfect_collinearity=True, create_clusters=False, cluster_iter=20, polynomial_features=False, polynomial_degree=2, trigonometry_features=False, polynomial_threshold=0.1, group_features=None, group_names=None, feature_selection=False, feature_selection_threshold=0.8, feature_selection_method=classic, feature_interaction=False, feature_ratio=False, interaction_threshold=0.01, fix_imbalance=True, fix_imbalance_method=None, transform_target=False, transform_target_method=box-cox, data_split_shuffle=True, data_split_stratify=False, fold_strategy=stratifiedkfold, fold=10, fold_shuffle=True, fold_groups=None, n_jobs=-1, use_gpu=False, custom_pipeline=None, html=True, session_id=2, log_experiment=False, experiment_name=None, log_plots=False, log_profile=False, log_data=False, silent=False, verbose=True, profile=False, profile_kwargs=None, display=None)
2022-08-07 21:31:37,019:INFO:Checking environment
2022-08-07 21:31:37,019:INFO:python_version: 3.9.7
2022-08-07 21:31:37,019:INFO:python_build: ('default', 'Sep 16 2021 16:59:28')
2022-08-07 21:31:37,019:INFO:machine: AMD64
2022-08-07 21:31:37,019:INFO:platform: Windows-10-10.0.19044-SP0
2022-08-07 21:31:37,019:INFO:Memory: svmem(total=21184159744, available=10354184192, percent=51.1, used=10829975552, free=10354184192)
2022-08-07 21:31:37,019:INFO:Physical Core: 4
2022-08-07 21:31:37,019:INFO:Logical Core: 8
2022-08-07 21:31:37,019:INFO:Checking libraries
2022-08-07 21:31:37,019:INFO:pd==1.4.3
2022-08-07 21:31:37,019:INFO:numpy==1.22.4
2022-08-07 21:31:37,019:INFO:sklearn==1.1.1
2022-08-07 21:31:37,019:INFO:xgboost==1.6.1
2022-08-07 21:31:37,019:INFO:lightgbm==3.3.2
2022-08-07 21:31:39,329:INFO:catboost==1.0.6
2022-08-07 21:31:43,602:INFO:mlflow==1.27.0
2022-08-07 21:31:43,624:INFO:Checking Exceptions
2022-08-07 21:31:43,624:INFO:Declaring global variables
2022-08-07 21:31:43,625:INFO:USI: 033c
2022-08-07 21:31:43,625:INFO:pycaret_globals: {'_all_models', 'imputation_classifier', 'fold_generator', 'fold_shuffle_param', 'y', 'create_model_container', 'target_param', 'transform_target_method_param', '_available_plots', 'stratify_param', 'y_train', 'exp_name_log', 'master_model_container', 'display_container', 'fold_groups_param', 'fold_param', '_ml_usecase', 'log_plots_param', 'fix_imbalance_method_param', 'transform_target_param', 'iterative_imputation_iters_param', '_internal_pipeline', 'imputation_regressor', 'fix_imbalance_param', 'X', 'gpu_param', 'data_before_preprocess', 'y_test', 'seed', '_gpu_n_jobs_param', 'experiment__', 'html_param', 'pycaret_globals', 'USI', 'n_jobs_param', 'logging_param', 'X_train', 'X_test', '_all_models_internal', '_all_metrics', 'prep_pipe'}
2022-08-07 21:31:43,625:INFO:Preparing display monitor
2022-08-07 21:31:43,625:INFO:Preparing display monitor
2022-08-07 21:31:43,646:INFO:Importing libraries
2022-08-07 21:31:43,646:INFO:Copying data for preprocessing
2022-08-07 21:31:43,673:INFO:Declaring preprocessing parameters
2022-08-07 21:31:43,701:INFO:Setting up iterative imputation
2022-08-07 21:31:44,849:INFO:Creating preprocessing pipeline
2022-08-07 21:31:45,093:INFO:Preprocessing pipeline created successfully
2022-08-07 21:31:45,093:ERROR:(Process Exit): setup has been interupted with user command 'quit'. setup must rerun.
2022-08-07 21:31:45,094:INFO:Creating global containers
2022-08-07 21:31:45,113:INFO:Internal pipeline: Pipeline(memory=None,
         steps=[('fix_imbalance',
                 SMOTE(k_neighbors=5, n_jobs=None, random_state=2,
                       sampling_strategy='auto'))],
         verbose=False)
